android/app/build/intermediates/manifest_merge_blame_file/debug/processDebugMainManifest/manifest-merger-blame-debug-report.txt
1<?xml version="1.0" encoding="utf-8"?>
2<manifest xmlns:android="http://schemas.android.com/apk/res/android"
3    package="com.voltpilot"
4    android:versionCode="1"
5    android:versionName="1.0" >
6
7    <uses-sdk
8        android:minSdkVersion="24"
9        android:targetSdkVersion="34" />
10
11    <uses-permission android:name="android.permission.SYSTEM_ALERT_WINDOW" />
11-->src\main\AndroidManifest.xml:5:3-75
11-->src\main\AndroidManifest.xml:5:20-73
12    <uses-permission android:name="android.permission.INTERNET" />
12-->src\main\AndroidManifest.xml:3:3-64
12-->src\main\AndroidManifest.xml:3:20-62
13    <uses-permission android:name="android.permission.VIBRATE" /> <!-- These require runtime permissions on M -->
13-->src\main\AndroidManifest.xml:6:3-63
13-->src\main\AndroidManifest.xml:6:20-61
14    <uses-permission android:name="android.permission.READ_EXTERNAL_STORAGE" />
14-->src\main\AndroidManifest.xml:8:3-77
14-->src\main\AndroidManifest.xml:8:20-75
15    <uses-permission android:name="android.permission.WRITE_EXTERNAL_STORAGE" /> <!-- END OPTIONAL PERMISSIONS -->
15-->src\main\AndroidManifest.xml:9:3-78
15-->src\main\AndroidManifest.xml:9:20-76
16    <queries>
16-->src\main\AndroidManifest.xml:12:3-19:13
17
18        <!-- Support checking for http(s) links via the Linking API -->
19        <intent>
19-->src\main\AndroidManifest.xml:14:5-18:14
20            <action android:name="android.intent.action.VIEW" />
20-->src\main\AndroidManifest.xml:15:7-59
20-->src\main\AndroidManifest.xml:15:15-56
21
22            <category android:name="android.intent.category.BROWSABLE" />
22-->src\main\AndroidManifest.xml:16:7-68
22-->src\main\AndroidManifest.xml:16:17-65
23
24            <data android:scheme="https" />
24-->src\main\AndroidManifest.xml:17:7-38
24-->src\main\AndroidManifest.xml:17:13-35
25        </intent>
26
27        <package android:name="host.exp.exponent" /> <!-- Query open documents -->
27-->[:expo-dev-launcher] AndroidManifest.xml:8:9-53
27-->[:expo-dev-launcher] AndroidManifest.xml:8:18-50
28        <intent>
28-->[:expo-file-system] AndroidManifest.xml:15:9-17:18
29            <action android:name="android.intent.action.OPEN_DOCUMENT_TREE" />
29-->[:expo-file-system] AndroidManifest.xml:16:13-79
29-->[:expo-file-system] AndroidManifest.xml:16:21-76
30        </intent> <!-- Needs to be explicitly declared on Android R+ -->
31        <package android:name="com.google.android.apps.maps" />
31-->[com.google.android.gms:play-services-maps:18.2.0] AndroidManifest.xml:33:9-64
31-->[com.google.android.gms:play-services-maps:18.2.0] AndroidManifest.xml:33:18-61
32    </queries> <!-- Include required permissions for Google Maps API to run. -->
33    <uses-permission android:name="android.permission.ACCESS_NETWORK_STATE" />
33-->[com.google.android.gms:play-services-maps:18.2.0] AndroidManifest.xml:23:5-79
33-->[com.google.android.gms:play-services-maps:18.2.0] AndroidManifest.xml:23:22-76
34
35    <uses-feature
35-->[com.google.android.gms:play-services-maps:18.2.0] AndroidManifest.xml:26:5-28:35
36        android:glEsVersion="0x00020000"
36-->[com.google.android.gms:play-services-maps:18.2.0] AndroidManifest.xml:27:9-41
37        android:required="true" />
37-->[com.google.android.gms:play-services-maps:18.2.0] AndroidManifest.xml:28:9-32
38
39    <uses-permission android:name="android.permission.WAKE_LOCK" />
39-->[androidx.work:work-runtime:2.7.1] AndroidManifest.xml:25:5-68
39-->[androidx.work:work-runtime:2.7.1] AndroidManifest.xml:25:22-65
40    <uses-permission android:name="android.permission.RECEIVE_BOOT_COMPLETED" />
40-->[androidx.work:work-runtime:2.7.1] AndroidManifest.xml:27:5-81
40-->[androidx.work:work-runtime:2.7.1] AndroidManifest.xml:27:22-78
41    <uses-permission android:name="android.permission.FOREGROUND_SERVICE" />
41-->[androidx.work:work-runtime:2.7.1] AndroidManifest.xml:28:5-77
41-->[androidx.work:work-runtime:2.7.1] AndroidManifest.xml:28:22-74
42
43    <permission
43-->[androidx.core:core:1.13.1] AndroidManifest.xml:22:5-24:47
44        android:name="com.voltpilot.DYNAMIC_RECEIVER_NOT_EXPORTED_PERMISSION"
44-->[androidx.core:core:1.13.1] AndroidManifest.xml:23:9-81
45        android:protectionLevel="signature" />
45-->[androidx.core:core:1.13.1] AndroidManifest.xml:24:9-44
46
47    <uses-permission android:name="com.voltpilot.DYNAMIC_RECEIVER_NOT_EXPORTED_PERMISSION" />
47-->[androidx.core:core:1.13.1] AndroidManifest.xml:26:5-97
47-->[androidx.core:core:1.13.1] AndroidManifest.xml:26:22-94
48
49    <application
49-->src\main\AndroidManifest.xml:21:3-28:17
50        android:name="com.voltpilot.MainApplication"
50-->src\main\AndroidManifest.xml:21:16-47
51        android:allowBackup="false"
51-->src\main\AndroidManifest.xml:21:162-189
52        android:appComponentFactory="androidx.core.app.CoreComponentFactory"
52-->[androidx.core:core:1.13.1] AndroidManifest.xml:28:18-86
53        android:debuggable="true"
54        android:extractNativeLibs="false"
55        android:icon="@mipmap/ic_launcher"
55-->src\main\AndroidManifest.xml:21:81-115
56        android:label="@string/app_name"
56-->src\main\AndroidManifest.xml:21:48-80
57        android:roundIcon="@mipmap/ic_launcher_round"
57-->src\main\AndroidManifest.xml:21:116-161
58        android:supportsRtl="true"
58-->src\main\AndroidManifest.xml:21:222-248
59        android:theme="@style/AppTheme"
59-->src\main\AndroidManifest.xml:21:190-221
60        android:usesCleartextTraffic="true" >
60-->src\debug\AndroidManifest.xml:6:18-53
61        <activity
61-->src\main\AndroidManifest.xml:22:5-27:16
62            android:name="com.voltpilot.MainActivity"
62-->src\main\AndroidManifest.xml:22:15-43
63            android:configChanges="keyboard|keyboardHidden|orientation|screenSize|screenLayout|uiMode"
63-->src\main\AndroidManifest.xml:22:44-134
64            android:exported="true"
64-->src\main\AndroidManifest.xml:22:256-279
65            android:launchMode="singleTask"
65-->src\main\AndroidManifest.xml:22:135-166
66            android:theme="@style/Theme.App.SplashScreen"
66-->src\main\AndroidManifest.xml:22:210-255
67            android:windowSoftInputMode="adjustResize" >
67-->src\main\AndroidManifest.xml:22:167-209
68            <intent-filter>
68-->src\main\AndroidManifest.xml:23:7-26:23
69                <action android:name="android.intent.action.MAIN" />
69-->src\main\AndroidManifest.xml:24:9-60
69-->src\main\AndroidManifest.xml:24:17-58
70
71                <category android:name="android.intent.category.LAUNCHER" />
71-->src\main\AndroidManifest.xml:25:9-68
71-->src\main\AndroidManifest.xml:25:19-66
72            </intent-filter>
73        </activity>
74        <activity
74-->[:expo-dev-launcher] AndroidManifest.xml:12:9-25:20
75            android:name="expo.modules.devlauncher.launcher.DevLauncherActivity"
75-->[:expo-dev-launcher] AndroidManifest.xml:13:13-81
76            android:exported="true"
76-->[:expo-dev-launcher] AndroidManifest.xml:14:13-36
77            android:launchMode="singleTask"
77-->[:expo-dev-launcher] AndroidManifest.xml:15:13-44
78            android:theme="@style/Theme.DevLauncher.LauncherActivity" >
78-->[:expo-dev-launcher] AndroidManifest.xml:16:13-70
79            <intent-filter>
79-->[:expo-dev-launcher] AndroidManifest.xml:17:13-24:29
80                <action android:name="android.intent.action.VIEW" />
80-->src\main\AndroidManifest.xml:15:7-59
80-->src\main\AndroidManifest.xml:15:15-56
81
82                <category android:name="android.intent.category.DEFAULT" />
82-->[:expo-dev-launcher] AndroidManifest.xml:20:17-76
82-->[:expo-dev-launcher] AndroidManifest.xml:20:27-73
83                <category android:name="android.intent.category.BROWSABLE" />
83-->src\main\AndroidManifest.xml:16:7-68
83-->src\main\AndroidManifest.xml:16:17-65
84
85                <data android:scheme="expo-dev-launcher" />
85-->src\main\AndroidManifest.xml:17:7-38
85-->src\main\AndroidManifest.xml:17:13-35
86            </intent-filter>
87        </activity>
88        <activity
88-->[:expo-dev-launcher] AndroidManifest.xml:26:9-29:70
89            android:name="expo.modules.devlauncher.launcher.errors.DevLauncherErrorActivity"
89-->[:expo-dev-launcher] AndroidManifest.xml:27:13-93
90            android:screenOrientation="portrait"
90-->[:expo-dev-launcher] AndroidManifest.xml:28:13-49
91            android:theme="@style/Theme.DevLauncher.ErrorActivity" />
91-->[:expo-dev-launcher] AndroidManifest.xml:29:13-67
92        <activity
92-->[:expo-dev-menu] AndroidManifest.xml:8:9-21:20
93            android:name="expo.modules.devmenu.DevMenuActivity"
93-->[:expo-dev-menu] AndroidManifest.xml:9:13-64
94            android:exported="true"
94-->[:expo-dev-menu] AndroidManifest.xml:10:13-36
95            android:launchMode="singleTask"
95-->[:expo-dev-menu] AndroidManifest.xml:11:13-44
96            android:theme="@style/Theme.AppCompat.Transparent.NoActionBar" >
96-->[:expo-dev-menu] AndroidManifest.xml:12:13-75
97            <intent-filter>
97-->[:expo-dev-menu] AndroidManifest.xml:13:13-20:29
98                <action android:name="android.intent.action.VIEW" />
98-->src\main\AndroidManifest.xml:15:7-59
98-->src\main\AndroidManifest.xml:15:15-56
99
100                <category android:name="android.intent.category.DEFAULT" />
100-->[:expo-dev-launcher] AndroidManifest.xml:20:17-76
100-->[:expo-dev-launcher] AndroidManifest.xml:20:27-73
101                <category android:name="android.intent.category.BROWSABLE" />
101-->src\main\AndroidManifest.xml:16:7-68
101-->src\main\AndroidManifest.xml:16:17-65
102
103                <data android:scheme="expo-dev-menu" />
103-->src\main\AndroidManifest.xml:17:7-38
103-->src\main\AndroidManifest.xml:17:13-35
104            </intent-filter>
105        </activity>
106
107        <provider
107-->[:expo-file-system] AndroidManifest.xml:21:9-30:20
108            android:name="expo.modules.filesystem.FileSystemFileProvider"
108-->[:expo-file-system] AndroidManifest.xml:22:13-74
109            android:authorities="com.voltpilot.FileSystemFileProvider"
109-->[:expo-file-system] AndroidManifest.xml:23:13-74
110            android:exported="false"
110-->[:expo-file-system] AndroidManifest.xml:24:13-37
111            android:grantUriPermissions="true" >
111-->[:expo-file-system] AndroidManifest.xml:25:13-47
112            <meta-data
112-->[:expo-file-system] AndroidManifest.xml:27:13-29:70
113                android:name="android.support.FILE_PROVIDER_PATHS"
113-->[:expo-file-system] AndroidManifest.xml:28:17-67
114                android:resource="@xml/file_system_provider_paths" />
114-->[:expo-file-system] AndroidManifest.xml:29:17-67
115        </provider>
116
117        <meta-data
117-->[:expo-modules-core] AndroidManifest.xml:9:9-11:89
118            android:name="org.unimodules.core.AppLoader#react-native-headless"
118-->[:expo-modules-core] AndroidManifest.xml:10:13-79
119            android:value="expo.modules.adapters.react.apploader.RNHeadlessAppLoader" />
119-->[:expo-modules-core] AndroidManifest.xml:11:13-86
120        <meta-data
120-->[:expo-modules-core] AndroidManifest.xml:12:9-15:45
121            android:name="com.facebook.soloader.enabled"
121-->[:expo-modules-core] AndroidManifest.xml:13:13-57
122            android:value="true" />
122-->[:expo-modules-core] AndroidManifest.xml:14:13-33
123
124        <activity
124-->[com.facebook.react:react-android:0.76.6] AndroidManifest.xml:19:9-21:40
125            android:name="com.facebook.react.devsupport.DevSettingsActivity"
125-->[com.facebook.react:react-android:0.76.6] AndroidManifest.xml:20:13-77
126            android:exported="false" />
126-->[com.facebook.react:react-android:0.76.6] AndroidManifest.xml:21:13-37
127
128        <meta-data
128-->[com.google.maps.android:android-maps-utils:3.8.2] AndroidManifest.xml:8:9-10:69
129            android:name="com.google.android.gms.version"
129-->[com.google.maps.android:android-maps-utils:3.8.2] AndroidManifest.xml:9:13-58
130            android:value="@integer/google_play_services_version" /> <!-- Needs to be explicitly declared on P+ -->
130-->[com.google.maps.android:android-maps-utils:3.8.2] AndroidManifest.xml:10:13-66
131        <uses-library
131-->[com.google.android.gms:play-services-maps:18.2.0] AndroidManifest.xml:39:9-41:40
132            android:name="org.apache.http.legacy"
132-->[com.google.android.gms:play-services-maps:18.2.0] AndroidManifest.xml:40:13-50
133            android:required="false" />
133-->[com.google.android.gms:play-services-maps:18.2.0] AndroidManifest.xml:41:13-37
134
135        <activity
135-->[com.google.android.gms:play-services-base:18.2.0] AndroidManifest.xml:20:9-22:45
136            android:name="com.google.android.gms.common.api.GoogleApiActivity"
136-->[com.google.android.gms:play-services-base:18.2.0] AndroidManifest.xml:20:19-85
137            android:exported="false"
137-->[com.google.android.gms:play-services-base:18.2.0] AndroidManifest.xml:22:19-43
138            android:theme="@android:style/Theme.Translucent.NoTitleBar" />
138-->[com.google.android.gms:play-services-base:18.2.0] AndroidManifest.xml:21:19-78
139
140        <provider
140-->[androidx.work:work-runtime:2.7.1] AndroidManifest.xml:31:9-39:20
141            android:name="androidx.startup.InitializationProvider"
141-->[androidx.work:work-runtime:2.7.1] AndroidManifest.xml:32:13-67
142            android:authorities="com.voltpilot.androidx-startup"
142-->[androidx.work:work-runtime:2.7.1] AndroidManifest.xml:33:13-68
143            android:exported="false" >
143-->[androidx.work:work-runtime:2.7.1] AndroidManifest.xml:34:13-37
144            <meta-data
144-->[androidx.work:work-runtime:2.7.1] AndroidManifest.xml:36:13-38:52
145                android:name="androidx.work.WorkManagerInitializer"
145-->[androidx.work:work-runtime:2.7.1] AndroidManifest.xml:37:17-68
146                android:value="androidx.startup" />
146-->[androidx.work:work-runtime:2.7.1] AndroidManifest.xml:38:17-49
147            <meta-data
147-->[androidx.emoji2:emoji2:1.3.0] AndroidManifest.xml:29:13-31:52
148                android:name="androidx.emoji2.text.EmojiCompatInitializer"
148-->[androidx.emoji2:emoji2:1.3.0] AndroidManifest.xml:30:17-75
149                android:value="androidx.startup" />
149-->[androidx.emoji2:emoji2:1.3.0] AndroidManifest.xml:31:17-49
150            <meta-data
150-->[androidx.lifecycle:lifecycle-process:2.8.3] AndroidManifest.xml:29:13-31:52
151                android:name="androidx.lifecycle.ProcessLifecycleInitializer"
151-->[androidx.lifecycle:lifecycle-process:2.8.3] AndroidManifest.xml:30:17-78
152                android:value="androidx.startup" />
152-->[androidx.lifecycle:lifecycle-process:2.8.3] AndroidManifest.xml:31:17-49
153            <meta-data
153-->[androidx.profileinstaller:profileinstaller:1.3.1] AndroidManifest.xml:29:13-31:52
154                android:name="androidx.profileinstaller.ProfileInstallerInitializer"
154-->[androidx.profileinstaller:profileinstaller:1.3.1] AndroidManifest.xml:30:17-85
155                android:value="androidx.startup" />
155-->[androidx.profileinstaller:profileinstaller:1.3.1] AndroidManifest.xml:31:17-49
156        </provider>
157
158        <service
158-->[androidx.work:work-runtime:2.7.1] AndroidManifest.xml:41:9-46:35
159            android:name="androidx.work.impl.background.systemalarm.SystemAlarmService"
159-->[androidx.work:work-runtime:2.7.1] AndroidManifest.xml:42:13-88
160            android:directBootAware="false"
160-->[androidx.work:work-runtime:2.7.1] AndroidManifest.xml:43:13-44
161            android:enabled="@bool/enable_system_alarm_service_default"
161-->[androidx.work:work-runtime:2.7.1] AndroidManifest.xml:44:13-72
162            android:exported="false" />
162-->[androidx.work:work-runtime:2.7.1] AndroidManifest.xml:45:13-37
163        <service
163-->[androidx.work:work-runtime:2.7.1] AndroidManifest.xml:47:9-53:35
164            android:name="androidx.work.impl.background.systemjob.SystemJobService"
164-->[androidx.work:work-runtime:2.7.1] AndroidManifest.xml:48:13-84
165            android:directBootAware="false"
165-->[androidx.work:work-runtime:2.7.1] AndroidManifest.xml:49:13-44
166            android:enabled="@bool/enable_system_job_service_default"
166-->[androidx.work:work-runtime:2.7.1] AndroidManifest.xml:50:13-70
167            android:exported="true"
167-->[androidx.work:work-runtime:2.7.1] AndroidManifest.xml:51:13-36
168            android:permission="android.permission.BIND_JOB_SERVICE" />
168-->[androidx.work:work-runtime:2.7.1] AndroidManifest.xml:52:13-69
169        <service
169-->[androidx.work:work-runtime:2.7.1] AndroidManifest.xml:54:9-59:35
170            android:name="androidx.work.impl.foreground.SystemForegroundService"
170-->[androidx.work:work-runtime:2.7.1] AndroidManifest.xml:55:13-81
171            android:directBootAware="false"
171-->[androidx.work:work-runtime:2.7.1] AndroidManifest.xml:56:13-44
172            android:enabled="@bool/enable_system_foreground_service_default"
172-->[androidx.work:work-runtime:2.7.1] AndroidManifest.xml:57:13-77
173            android:exported="false" />
173-->[androidx.work:work-runtime:2.7.1] AndroidManifest.xml:58:13-37
174
175        <receiver
175-->[androidx.work:work-runtime:2.7.1] AndroidManifest.xml:61:9-66:35
176            android:name="androidx.work.impl.utils.ForceStopRunnable$BroadcastReceiver"
176-->[androidx.work:work-runtime:2.7.1] AndroidManifest.xml:62:13-88
177            android:directBootAware="false"
177-->[androidx.work:work-runtime:2.7.1] AndroidManifest.xml:63:13-44
178            android:enabled="true"
178-->[androidx.work:work-runtime:2.7.1] AndroidManifest.xml:64:13-35
179            android:exported="false" />
179-->[androidx.work:work-runtime:2.7.1] AndroidManifest.xml:65:13-37
180        <receiver
180-->[androidx.work:work-runtime:2.7.1] AndroidManifest.xml:67:9-77:20
181            android:name="androidx.work.impl.background.systemalarm.ConstraintProxy$BatteryChargingProxy"
181-->[androidx.work:work-runtime:2.7.1] AndroidManifest.xml:68:13-106
182            android:directBootAware="false"
182-->[androidx.work:work-runtime:2.7.1] AndroidManifest.xml:69:13-44
183            android:enabled="false"
183-->[androidx.work:work-runtime:2.7.1] AndroidManifest.xml:70:13-36
184            android:exported="false" >
184-->[androidx.work:work-runtime:2.7.1] AndroidManifest.xml:71:13-37
185            <intent-filter>
185-->[androidx.work:work-runtime:2.7.1] AndroidManifest.xml:73:13-76:29
186                <action android:name="android.intent.action.ACTION_POWER_CONNECTED" />
186-->[androidx.work:work-runtime:2.7.1] AndroidManifest.xml:74:17-87
186-->[androidx.work:work-runtime:2.7.1] AndroidManifest.xml:74:25-84
187                <action android:name="android.intent.action.ACTION_POWER_DISCONNECTED" />
187-->[androidx.work:work-runtime:2.7.1] AndroidManifest.xml:75:17-90
187-->[androidx.work:work-runtime:2.7.1] AndroidManifest.xml:75:25-87
188            </intent-filter>
189        </receiver>
190        <receiver
190-->[androidx.work:work-runtime:2.7.1] AndroidManifest.xml:78:9-88:20
191            android:name="androidx.work.impl.background.systemalarm.ConstraintProxy$BatteryNotLowProxy"
191-->[androidx.work:work-runtime:2.7.1] AndroidManifest.xml:79:13-104
192            android:directBootAware="false"
192-->[androidx.work:work-runtime:2.7.1] AndroidManifest.xml:80:13-44
193            android:enabled="false"
193-->[androidx.work:work-runtime:2.7.1] AndroidManifest.xml:81:13-36
194            android:exported="false" >
194-->[androidx.work:work-runtime:2.7.1] AndroidManifest.xml:82:13-37
195            <intent-filter>
195-->[androidx.work:work-runtime:2.7.1] AndroidManifest.xml:84:13-87:29
196                <action android:name="android.intent.action.BATTERY_OKAY" />
196-->[androidx.work:work-runtime:2.7.1] AndroidManifest.xml:85:17-77
196-->[androidx.work:work-runtime:2.7.1] AndroidManifest.xml:85:25-74
197                <action android:name="android.intent.action.BATTERY_LOW" />
197-->[androidx.work:work-runtime:2.7.1] AndroidManifest.xml:86:17-76
197-->[androidx.work:work-runtime:2.7.1] AndroidManifest.xml:86:25-73
198            </intent-filter>
199        </receiver>
200        <receiver
200-->[androidx.work:work-runtime:2.7.1] AndroidManifest.xml:89:9-99:20
201            android:name="androidx.work.impl.background.systemalarm.ConstraintProxy$StorageNotLowProxy"
201-->[androidx.work:work-runtime:2.7.1] AndroidManifest.xml:90:13-104
202            android:directBootAware="false"
202-->[androidx.work:work-runtime:2.7.1] AndroidManifest.xml:91:13-44
203            android:enabled="false"
203-->[androidx.work:work-runtime:2.7.1] AndroidManifest.xml:92:13-36
204            android:exported="false" >
204-->[androidx.work:work-runtime:2.7.1] AndroidManifest.xml:93:13-37
205            <intent-filter>
205-->[androidx.work:work-runtime:2.7.1] AndroidManifest.xml:95:13-98:29
206                <action android:name="android.intent.action.DEVICE_STORAGE_LOW" />
206-->[androidx.work:work-runtime:2.7.1] AndroidManifest.xml:96:17-83
206-->[androidx.work:work-runtime:2.7.1] AndroidManifest.xml:96:25-80
207                <action android:name="android.intent.action.DEVICE_STORAGE_OK" />
207-->[androidx.work:work-runtime:2.7.1] AndroidManifest.xml:97:17-82
207-->[androidx.work:work-runtime:2.7.1] AndroidManifest.xml:97:25-79
208            </intent-filter>
209        </receiver>
210        <receiver
210-->[androidx.work:work-runtime:2.7.1] AndroidManifest.xml:100:9-109:20
211            android:name="androidx.work.impl.background.systemalarm.ConstraintProxy$NetworkStateProxy"
211-->[androidx.work:work-runtime:2.7.1] AndroidManifest.xml:101:13-103
212            android:directBootAware="false"
212-->[androidx.work:work-runtime:2.7.1] AndroidManifest.xml:102:13-44
213            android:enabled="false"
213-->[androidx.work:work-runtime:2.7.1] AndroidManifest.xml:103:13-36
214            android:exported="false" >
214-->[androidx.work:work-runtime:2.7.1] AndroidManifest.xml:104:13-37
215            <intent-filter>
215-->[androidx.work:work-runtime:2.7.1] AndroidManifest.xml:106:13-108:29
216                <action android:name="android.net.conn.CONNECTIVITY_CHANGE" />
216-->[androidx.work:work-runtime:2.7.1] AndroidManifest.xml:107:17-79
216-->[androidx.work:work-runtime:2.7.1] AndroidManifest.xml:107:25-76
217            </intent-filter>
218        </receiver>
219        <receiver
219-->[androidx.work:work-runtime:2.7.1] AndroidManifest.xml:110:9-121:20
220            android:name="androidx.work.impl.background.systemalarm.RescheduleReceiver"
220-->[androidx.work:work-runtime:2.7.1] AndroidManifest.xml:111:13-88
221            android:directBootAware="false"
221-->[androidx.work:work-runtime:2.7.1] AndroidManifest.xml:112:13-44
222            android:enabled="false"
222-->[androidx.work:work-runtime:2.7.1] AndroidManifest.xml:113:13-36
223            android:exported="false" >
223-->[androidx.work:work-runtime:2.7.1] AndroidManifest.xml:114:13-37
224            <intent-filter>
224-->[androidx.work:work-runtime:2.7.1] AndroidManifest.xml:116:13-120:29
225                <action android:name="android.intent.action.BOOT_COMPLETED" />
225-->[androidx.work:work-runtime:2.7.1] AndroidManifest.xml:117:17-79
225-->[androidx.work:work-runtime:2.7.1] AndroidManifest.xml:117:25-76
226                <action android:name="android.intent.action.TIME_SET" />
226-->[androidx.work:work-runtime:2.7.1] AndroidManifest.xml:118:17-73
226-->[androidx.work:work-runtime:2.7.1] AndroidManifest.xml:118:25-70
227                <action android:name="android.intent.action.TIMEZONE_CHANGED" />
227-->[androidx.work:work-runtime:2.7.1] AndroidManifest.xml:119:17-81
227-->[androidx.work:work-runtime:2.7.1] AndroidManifest.xml:119:25-78
228            </intent-filter>
229        </receiver>
230        <receiver
230-->[androidx.work:work-runtime:2.7.1] AndroidManifest.xml:122:9-131:20
231            android:name="androidx.work.impl.background.systemalarm.ConstraintProxyUpdateReceiver"
231-->[androidx.work:work-runtime:2.7.1] AndroidManifest.xml:123:13-99
232            android:directBootAware="false"
232-->[androidx.work:work-runtime:2.7.1] AndroidManifest.xml:124:13-44
233            android:enabled="@bool/enable_system_alarm_service_default"
233-->[androidx.work:work-runtime:2.7.1] AndroidManifest.xml:125:13-72
234            android:exported="false" >
234-->[androidx.work:work-runtime:2.7.1] AndroidManifest.xml:126:13-37
235            <intent-filter>
235-->[androidx.work:work-runtime:2.7.1] AndroidManifest.xml:128:13-130:29
236                <action android:name="androidx.work.impl.background.systemalarm.UpdateProxies" />
236-->[androidx.work:work-runtime:2.7.1] AndroidManifest.xml:129:17-98
236-->[androidx.work:work-runtime:2.7.1] AndroidManifest.xml:129:25-95
237            </intent-filter>
238        </receiver>
239        <receiver
239-->[androidx.work:work-runtime:2.7.1] AndroidManifest.xml:132:9-142:20
240            android:name="androidx.work.impl.diagnostics.DiagnosticsReceiver"
240-->[androidx.work:work-runtime:2.7.1] AndroidManifest.xml:133:13-78
241            android:directBootAware="false"
241-->[androidx.work:work-runtime:2.7.1] AndroidManifest.xml:134:13-44
242            android:enabled="true"
242-->[androidx.work:work-runtime:2.7.1] AndroidManifest.xml:135:13-35
243            android:exported="true"
243-->[androidx.work:work-runtime:2.7.1] AndroidManifest.xml:136:13-36
244            android:permission="android.permission.DUMP" >
244-->[androidx.work:work-runtime:2.7.1] AndroidManifest.xml:137:13-57
245            <intent-filter>
245-->[androidx.work:work-runtime:2.7.1] AndroidManifest.xml:139:13-141:29
246                <action android:name="androidx.work.diagnostics.REQUEST_DIAGNOSTICS" />
246-->[androidx.work:work-runtime:2.7.1] AndroidManifest.xml:140:17-88
246-->[androidx.work:work-runtime:2.7.1] AndroidManifest.xml:140:25-85
247            </intent-filter>
248        </receiver>
249        <receiver
249-->[androidx.profileinstaller:profileinstaller:1.3.1] AndroidManifest.xml:34:9-52:20
250            android:name="androidx.profileinstaller.ProfileInstallReceiver"
250-->[androidx.profileinstaller:profileinstaller:1.3.1] AndroidManifest.xml:35:13-76
251            android:directBootAware="false"
251-->[androidx.profileinstaller:profileinstaller:1.3.1] AndroidManifest.xml:36:13-44
252            android:enabled="true"
252-->[androidx.profileinstaller:profileinstaller:1.3.1] AndroidManifest.xml:37:13-35
253            android:exported="true"
253-->[androidx.profileinstaller:profileinstaller:1.3.1] AndroidManifest.xml:38:13-36
254            android:permission="android.permission.DUMP" >
254-->[androidx.profileinstaller:profileinstaller:1.3.1] AndroidManifest.xml:39:13-57
255            <intent-filter>
255-->[androidx.profileinstaller:profileinstaller:1.3.1] AndroidManifest.xml:40:13-42:29
256                <action android:name="androidx.profileinstaller.action.INSTALL_PROFILE" />
256-->[androidx.profileinstaller:profileinstaller:1.3.1] AndroidManifest.xml:41:17-91
256-->[androidx.profileinstaller:profileinstaller:1.3.1] AndroidManifest.xml:41:25-88
257            </intent-filter>
258            <intent-filter>
258-->[androidx.profileinstaller:profileinstaller:1.3.1] AndroidManifest.xml:43:13-45:29
259                <action android:name="androidx.profileinstaller.action.SKIP_FILE" />
259-->[androidx.profileinstaller:profileinstaller:1.3.1] AndroidManifest.xml:44:17-85
259-->[androidx.profileinstaller:profileinstaller:1.3.1] AndroidManifest.xml:44:25-82
260            </intent-filter>
261            <intent-filter>
261-->[androidx.profileinstaller:profileinstaller:1.3.1] AndroidManifest.xml:46:13-48:29
262                <action android:name="androidx.profileinstaller.action.SAVE_PROFILE" />
262-->[androidx.profileinstaller:profileinstaller:1.3.1] AndroidManifest.xml:47:17-88
262-->[androidx.profileinstaller:profileinstaller:1.3.1] AndroidManifest.xml:47:25-85
263            </intent-filter>
264            <intent-filter>
264-->[androidx.profileinstaller:profileinstaller:1.3.1] AndroidManifest.xml:49:13-51:29
265                <action android:name="androidx.profileinstaller.action.BENCHMARK_OPERATION" />
265-->[androidx.profileinstaller:profileinstaller:1.3.1] AndroidManifest.xml:50:17-95
265-->[androidx.profileinstaller:profileinstaller:1.3.1] AndroidManifest.xml:50:25-92
266            </intent-filter>
267        </receiver>
268
269        <service
269-->[androidx.room:room-runtime:2.2.5] AndroidManifest.xml:25:9-28:40
270            android:name="androidx.room.MultiInstanceInvalidationService"
270-->[androidx.room:room-runtime:2.2.5] AndroidManifest.xml:26:13-74
271            android:directBootAware="true"
271-->[androidx.room:room-runtime:2.2.5] AndroidManifest.xml:27:13-43
272            android:exported="false" />
272-->[androidx.room:room-runtime:2.2.5] AndroidManifest.xml:28:13-37
273    </application>
274
275</manifest>